[2011-03-30 22-30-43] PHP Fatal error: Uncaught exception MemberAccessException with message 'Call to undefined method Admin_CategoryPresenter::deleteItem().' in /var/www/webtoad/interierdecor/libs/Nette/Nette/loader.php:4727  @  http://localhost/webtoad/interierdecor/admin/category/?do=confirmForm-form-submit
[2011-04-26 10-45-17] PHP Fatal error: imagesettile() expects parameter 2 to be resource, boolean given in /var/www/webtoad/interierdecor/app/FrontModule/presenters/VisualisationPresenter.php:44  @  http://localhost/webtoad/interierdecor/visualisation/default/41?do=shearImage
[2011-04-26 14-33-38] PHP Fatal error: Uncaught exception BadRequestException with message 'Item not found.' in /var/www/webtoad/interierdecor/app/presenters/BasePresenter.php:61  @  http://localhost/webtoad/interierdecor/visualisation/?do=wall&id=3
[2011-04-26 14-34-31] PHP Fatal error: Undefined variable: id in /var/www/webtoad/interierdecor/app/FrontModule/presenters/VisualisationPresenter.php:50  @  http://localhost/webtoad/interierdecor/visualisation/?do=wall&productid=3
[2011-04-27 22-30-24] PHP Fatal error: Uncaught exception ImagickException with message 'Permission denied to: /var/www/webtoad/interierdecor/static/visualisation-images/leftwall3.png' in /var/www/webtoad/interierdecor/app/FrontModule/presenters/VisualisationPresenter.php:55  @  http://localhost/webtoad/interierdecor/visualisation/?do=leftwall&productid=3
[2011-04-28 08-39-40] PHP Fatal error: Uncaught exception Exception with message 'Unknown image type or file '/var/www/webtoad/interierdecor/static/' not found.' in /var/www/webtoad/interierdecor/libs/Nette/Nette/loader.php:4485  @  http://localhost/webtoad/interierdecor/visualisation/?do=leftwall&productid=13
[2011-04-28 08-39-43] PHP Fatal error: Uncaught exception Exception with message 'Unknown image type or file '/var/www/webtoad/interierdecor/static/' not found.' in /var/www/webtoad/interierdecor/libs/Nette/Nette/loader.php:4485  @  http://localhost/webtoad/interierdecor/visualisation/?do=leftwall&productid=13
[2011-04-29 13-10-53] PHP Fatal error: Uncaught exception Exception with message 'Unknown image type or file '/var/www/webtoad/interierdecor/static/' not found.' in /var/www/webtoad/interierdecor/libs/Nette/Nette/loader.php:4485  @  http://localhost/webtoad/interierdecor/visualisation/?do=leftwall&productid=14
[2011-04-29 13-11-13] PHP Fatal error: Uncaught exception Exception with message 'Unknown image type or file '/var/www/webtoad/interierdecor/static/' not found.' in /var/www/webtoad/interierdecor/libs/Nette/Nette/loader.php:4485  @  http://localhost/webtoad/interierdecor/visualisation/?do=leftwall&productid=14
[2011-04-29 13-11-15] PHP Fatal error: Uncaught exception Exception with message 'Unknown image type or file '/var/www/webtoad/interierdecor/static/' not found.' in /var/www/webtoad/interierdecor/libs/Nette/Nette/loader.php:4485  @  http://localhost/webtoad/interierdecor/visualisation/?do=leftwall&productid=14
[2011-04-29 14-53-13] PHP Fatal error: Creating default object from empty value in /var/www/webtoad/interierdecor/app/FrontModule/presenters/VisualisationPresenter.php:37  @  http://localhost/webtoad/interierdecor/visualisation/?do=wall&productid=3
[2011-05-23 15-55-06] PHP Fatal error: Uncaught exception Exception with message 'Unknown image type or file '/var/www/webtoad/interierdecor/static/' not found.' in /var/www/webtoad/interierdecor/libs/Nette/Nette/loader.php:4485  @  http://localhost/webtoad/interierdecor/visualisation/?do=leftwall&productid=14
[2011-06-29 10-42-11] PHP Fatal error: Uncaught exception InvalidStateException with message 'Service 'Texy' not found.' in /var/www/webtoad/interierdecor/libs/Nette/Nette/loader.php:4342  @  http://localhost/webtoad/interierdecor/admin/texyla/preview
[2011-06-30 09-11-20] PHP Fatal error: Uncaught exception PDOException with message 'SQLSTATE[42S22]: Column not found: 1054 Unknown column 'name' in 'order clause'' in /var/www/webtoad/interierdecor/libs/NotORM/NotORM/Result.php:140  @  http://localhost/webtoad/interierdecor/admin/product/new?do=availableTags&tagGroup=6
[2011-07-08 10-15-07] PHP Fatal error: Uncaught exception InvalidStateException with message 'session_start(): ps_files_cleanup_dir: opendir(/var/lib/php5) failed: Permission denied (13)' in /var/www/webtoad/interierdecor/libs/Nette/Nette/loader.php:5163  @  http://localhost/webtoad/interierdecor/admin/product/new?do=availableTags&tagGroup=9
[2011-07-08 11-46-19] PHP Fatal error: Uncaught exception Exception with message 'Unknown image type or file '/var/www/webtoad/interierdecor/static/' not found.' in /var/www/webtoad/interierdecor/libs/Nette/Nette/loader.php:4485  @  http://localhost/webtoad/interierdecor/visualisation/?do=leftwall&productid=22
[2011-07-08 16-55-24] PHP Fatal error: Uncaught exception InvalidStateException with message 'session_start(): ps_files_cleanup_dir: opendir(/var/lib/php5) failed: Permission denied (13)' in /var/www/webtoad/interierdecor/libs/Nette/Nette/loader.php:5163  @  http://localhost/webtoad/interierdecor/admin/product/new?do=availableTags&tagGroup=2
[2011-07-13 14-10-02] PHP Fatal error: Undefined variable: product in /var/www/webtoad/interierdecor/temp/cache/_Nette.FileTemplate/_templates._layout.latte-cbeea3d0ce989f880b9743bfcdf29842.php:102  @  http://localhost/webtoad/interierdecor/tapety/?product_id=27&do=addToBasket
[2011-07-13 16-27-16] PHP Fatal error: Uncaught exception BadRequestException with message 'Item not found.' in /var/www/webtoad/interierdecor/app/presenters/BasePresenter.php:64  @  http://localhost/webtoad/interierdecor/produkt/amelie-580214?do=addBasketForm-submit
[2011-07-13 16-27-22] PHP Fatal error: Uncaught exception BadRequestException with message 'Item not found.' in /var/www/webtoad/interierdecor/app/presenters/BasePresenter.php:64  @  http://localhost/webtoad/interierdecor/produkt/amelie-580214?do=addBasketForm-submit
[2011-07-14 11-49-28] PHP Fatal error: strpos(): Empty delimiter in /var/www/webtoad/interierdecor/app/AdminModule/presenters/ProductPresenter.php:435  @  http://localhost/webtoad/interierdecor/admin/product/edit?id=1&do=editProduct-submit
[2011-07-14 11-49-34] PHP Fatal error: strpos(): Empty delimiter in /var/www/webtoad/interierdecor/app/AdminModule/presenters/ProductPresenter.php:435  @  http://localhost/webtoad/interierdecor/admin/product/edit?id=1&do=editProduct-submit
[2011-07-14 14-33-51] PHP Fatal error: Undefined variable: unit in /var/www/webtoad/interierdecor/app/AdminModule/presenters/ProductPresenter.php:432  @  http://localhost/webtoad/interierdecor/admin/product/edit?id=1&do=editProduct-submit
[2011-07-15 13-24-11] PHP Fatal error: Undefined variable: name in /var/www/webtoad/interierdecor/app/models/ProductModel.php:246  @  http://localhost/webtoad/interierdecor/admin/product/edit?id=90&do=editProduct-submit
[2011-07-15 13-24-15] PHP Fatal error: Undefined variable: name in /var/www/webtoad/interierdecor/app/models/ProductModel.php:246  @  http://localhost/webtoad/interierdecor/admin/product/edit?id=90&do=editProduct-submit
[2011-07-15 13-24-19] PHP Fatal error: Undefined variable: name in /var/www/webtoad/interierdecor/app/models/ProductModel.php:246  @  http://localhost/webtoad/interierdecor/admin/product/edit?id=90&do=editProduct-submit
[2011-07-15 13-24-26] PHP Fatal error: Undefined variable: name in /var/www/webtoad/interierdecor/app/models/ProductModel.php:246  @  http://localhost/webtoad/interierdecor/admin/product/edit?id=90&do=editProduct-submit
[2011-07-15 13-24-27] PHP Fatal error: Undefined variable: name in /var/www/webtoad/interierdecor/app/models/ProductModel.php:246  @  http://localhost/webtoad/interierdecor/admin/product/edit?id=90&do=editProduct-submit
[2011-07-15 13-24-27] PHP Fatal error: Undefined variable: name in /var/www/webtoad/interierdecor/app/models/ProductModel.php:246  @  http://localhost/webtoad/interierdecor/admin/product/edit?id=90&do=editProduct-submit
[2011-07-15 13-24-29] PHP Fatal error: Undefined variable: name in /var/www/webtoad/interierdecor/app/models/ProductModel.php:246  @  http://localhost/webtoad/interierdecor/admin/product/edit?id=90&do=editProduct-submit
[2011-07-20 16-48-07] PHP Fatal error: Argument 1 passed to NotORM_Result::update() must be an array, none given, called in /var/www/webtoad/interierdecor/app/models/BasketModel.php on line 15 and defined in /var/www/webtoad/interierdecor/libs/NotORM/NotORM/Result.php:204  @  http://localhost/webtoad/interierdecor/basket/?do=changeAmount&product_id=22&amount=12
[2011-08-04 13-41-05] PHP Fatal error: Uncaught exception PDOException with message 'SQLSTATE[HY000] [2013] Lost connection to MySQL server at 'reading authorization packet', system error: 0' in /var/www/webtoad/interierdecor/app/models/BaseModel.php:9  @  http://localhost/webtoad/interierdecor/basket/?do=changeAmount&product_id=27&amount=2
[2011-08-05 16-40-40] SQLSTATE[42S22]: Column not found: 1054 Unknown column 'shipaddress' in 'field list'  @  http://localhost/webtoad/interierdecor/basket/address?do=order2-submit
[2011-08-10 13-36-36] PHP Fatal error: Uncaught exception Exception with message 'Unknown image type or file '/var/www/webtoad/interierdecor/static/' not found.' in /var/www/webtoad/interierdecor/libs/Nette/Nette/loader.php:4485  @  http://localhost/webtoad/interierdecor/visualisation/?do=leftwall&productid=22
[2011-08-12 09-15-43] PHP Fatal error: Undefined variable: product in /var/www/webtoad/interierdecor/temp/cache/_Nette.FileTemplate/_templates._layout.latte-f623dbd93ca304ff3a286ee4406b9b78.php:112  @  http://localhost/webtoad/interierdecor/tapety/?product_id=12&do=addToBasket
[2011-08-12 09-16-31] PHP Fatal error: Undefined variable: product in /var/www/webtoad/interierdecor/temp/cache/_Nette.FileTemplate/_templates._layout.latte-f623dbd93ca304ff3a286ee4406b9b78.php:112  @  http://localhost/webtoad/interierdecor/tapety/?product_id=14&do=addToBasket
[2011-08-12 09-16-38] PHP Fatal error: Undefined variable: product in /var/www/webtoad/interierdecor/temp/cache/_Nette.FileTemplate/_templates._layout.latte-f623dbd93ca304ff3a286ee4406b9b78.php:112  @  http://localhost/webtoad/interierdecor/tapety/?product_id=6&do=addToBasket
[2011-08-24 14-13-32] PHP Fatal error: Cannot modify header information - headers already sent by (output started at /var/www/webtoad/interierdecor/libs/Nette/Nette/loader.php:4530) in /var/www/webtoad/interierdecor/libs/Nette/Nette/loader.php:4541  @  http://localhost/webtoad/interierdecor/admin/visualimport/
[2011-08-24 14-13-44] PHP Fatal error: Cannot modify header information - headers already sent by (output started at /var/www/webtoad/interierdecor/libs/Nette/Nette/loader.php:4530) in /var/www/webtoad/interierdecor/libs/Nette/Nette/loader.php:4541  @  http://localhost/webtoad/interierdecor/admin/visualimport/
[2011-11-18 09-34-03] SQLSTATE[42S22]: Column not found: 1054 Unknown column 'shipaddress' in 'field list'  @  http://localhost/webtoad/interierdecor/kosik/dodaci-udaje?do=order2-submit
[2011-11-23 15-26-30] PHP Fatal error: Undefined offset: 123 in /var/www/webtoad/interierdecor/app/AdminModule/presenters/ProductPresenter.php:496  @  http://localhost/webtoad/interierdecor/admin/product/?do=grid-form-submit
[2011-11-23 22-06-45] PHP Fatal error: Undefined index: name in /var/www/webtoad/interierdecor/app/AdminModule/presenters/ProductPresenter.php:538  @  http://localhost/webtoad/interierdecor/admin/product/?confirmForm-id=2824&do=confirmForm-confirmDelete
[2011-12-07 17-45-52] PHP Fatal error: Undefined variable: tmpname in /var/www/webtoad/interierdecor/app/components/Helpers.php:288  @  http://localhost/webtoad/interierdecor/admin/product/new?do=newProduct-submit
[2011-12-08 07-56-34] PHP Fatal error: Uncaught exception Exception with message 'Unknown image type or file '/var/www/webtoad/interierdecor/temp/plupload/p16ge7a6o31ra72kamd51mst1dvh8.jpg' not found.' in /var/www/webtoad/interierdecor/libs/Nette/Nette/loader.php:4485  @  http://localhost/webtoad/interierdecor/admin/product/new?do=imageThumb&tmpname=p16ge7a6o31ra72kamd51mst1dvh8.jpg
[2011-12-08 08-39-56] PHP Fatal error: Uncaught exception Exception with message 'Unknown image type or file '/var/www/webtoad/interierdecor/temp/plupload/' not found.' in /var/www/webtoad/interierdecor/libs/Nette/Nette/loader.php:4485  @  http://localhost/webtoad/interierdecor/admin/product/new?do=visualThumb&tmpname=p16ge9qf2q1jp934ggncs7q156ug.jpg
[2011-12-11 00-02-41] PHP Fatal error: Uncaught exception Exception with message 'Unknown image type or file '/var/www/webtoad/interierdecor/../temp/plupload/p16gl3dh67kci18co1pus8vlf83.jpg' not found.' in /var/www/webtoad/interierdecor/libs/Nette/Nette/loader.php:4485  @  http://localhost/webtoad/interierdecor/admin/product/new?do=imageThumb&tmpname=p16gl3dh67kci18co1pus8vlf83.jpg
[2012-01-09 07-01-03] SQLSTATE[42S22]: Column not found: 1054 Unknown column 'shipaddress' in 'field list'  @  http://localhost/webtoad/interierdecor/web/kosik/dodaci-udaje?do=order2-submit
[2012-01-10 23-06-14] PHP Fatal error: Uncaught exception InvalidArgumentException with message 'Component with name 'grid' does not exist.' in /var/www/webtoad/interierdecor/libs/Nette/Nette/loader.php:341  @  http://localhost/webtoad/interierdecor/web/admin/orders/?do=ordersGrid-form-submit
[2012-01-12 11-26-09] PHP Fatal error: Uncaught exception MemberAccessException with message 'Call to undefined method Admin_TagGroupPresenter::questionDelete().' in /var/www/webtoad/interierdecor/libs/Nette/Nette/loader.php:4727  @  http://localhost/webtoad/interierdecor/web/admin/tag-group/?confirmForm-id=6&do=confirmForm-confirmDelete
[2012-01-13 11-50-05] PHP Fatal error: Uncaught exception InvalidArgumentException with message 'Component with name 'tagGroupesGrid' does not exist.' in /var/www/webtoad/interierdecor/libs/Nette/Nette/loader.php:341  @  http://localhost/webtoad/interierdecor/web/admin/tag/?tagGroup_id=3&tagsGrid-page=2&tagsGrid-order=value%3Dd&tagsGrid-filters=value%3Dtes&do=tagsGrid-form-submit
[2012-02-07 13-59-37] PHP Fatal error: Uncaught exception BadRequestException with message 'Item not found.' in /var/www/webtoad/interierdecor/app/presenters/BasePresenter.php:69  @  http://localhost/webtoad/interierdecor/web/tapety?product_id=11&do=addToBasket
[2012-02-07 14-04-05] PHP Fatal error: Undefined index: dec in /var/www/webtoad/interierdecor/libs/NotORM/NotORM/Row.php:132  @  http://localhost/webtoad/interierdecor/web/produkt/cabaret-115317?product_id=283&do=addToBasket
[2012-02-07 14-04-15] PHP Fatal error: Undefined index: dec in /var/www/webtoad/interierdecor/libs/NotORM/NotORM/Row.php:132  @  http://localhost/webtoad/interierdecor/web/produkt/cabaret-115317?product_id=283&do=addToBasket
[2012-02-07 17-38-17] SQLSTATE[42S22]: Column not found: 1054 Unknown column 'shipaddress' in 'field list'  @  http://localhost/webtoad/interierdecor/web/kosik/objednano
[2012-02-07 17-38-33] SQLSTATE[42S22]: Column not found: 1054 Unknown column 'shipaddress' in 'field list'  @  http://localhost/webtoad/interierdecor/web/kosik/objednano
[2012-02-07 17-40-31] SQLSTATE[42S22]: Column not found: 1054 Unknown column 'shipaddress' in 'field list'  @  http://localhost/webtoad/interierdecor/web/kosik/objednano
[2012-02-07 17-41-54] SQLSTATE[42S22]: Column not found: 1054 Unknown column 'shipaddress' in 'field list'  @  http://localhost/webtoad/interierdecor/web/kosik/objednano
[2012-02-07 17-43-21] SQLSTATE[42S22]: Column not found: 1054 Unknown column 'shipaddress' in 'field list'  @  http://localhost/webtoad/interierdecor/web/kosik/objednano
[2012-02-07 17-46-35] SQLSTATE[42S22]: Column not found: 1054 Unknown column 'shipaddress' in 'field list'  @  http://localhost/webtoad/interierdecor/web/kosik/objednano
[2012-02-07 17-51-54] SQLSTATE[42S22]: Column not found: 1054 Unknown column 'shipaddress' in 'field list'  @  http://localhost/webtoad/interierdecor/web/kosik/objednano
[2012-02-07 17-53-36] SQLSTATE[42S22]: Column not found: 1054 Unknown column 'shipaddress' in 'field list'  @  http://localhost/webtoad/interierdecor/web/kosik/objednano
[2012-02-07 17-58-16] SQLSTATE[42S22]: Column not found: 1054 Unknown column 'shipaddress' in 'field list'  @  http://localhost/webtoad/interierdecor/web/kosik/objednano
[2012-02-07 18-10-24] SQLSTATE[42S22]: Column not found: 1054 Unknown column 'shipaddress' in 'field list'  @  http://localhost/webtoad/interierdecor/web/kosik/objednano
[2012-02-14 11-26-25] PHP Fatal error: Undefined variable: e in /var/www/webtoad/interierdecor/app/AdminModule/presenters/InspirationPresenter.php:34  @  http://localhost/webtoad/interierdecor/web/admin/inspiration/detail?tag_id=13&id=9&do=addTag
[2012-02-14 11-26-29] PHP Fatal error: Undefined variable: e in /var/www/webtoad/interierdecor/app/AdminModule/presenters/InspirationPresenter.php:34  @  http://localhost/webtoad/interierdecor/web/admin/inspiration/detail?tag_id=13&id=9&do=addTag
[2012-02-14 20-02-08] PHP Fatal error: Uncaught exception MemberAccessException with message 'Call to undefined method AppForm::getValue().' in /var/www/webtoad/interierdecor/libs/Nette/Nette/loader.php:4727  @  http://localhost/webtoad/interierdecor/web/admin/inspiration/detail?id=9&do=searchForm-submit
[2012-02-14 21-48-04] PHP Fatal error: Uncaught exception InvalidArgumentException with message 'Obrázek neexistuje.' in /var/www/webtoad/interierdecor/app/AdminModule/presenters/InspirationPresenter.php:25  @  http://localhost/webtoad/interierdecor/web/admin/inspiration/detail?id=11&do=delete
[2012-04-03 15-04-47] PHP Fatal error: Using $this when not in object context in /var/www/webtoad/interierdecor/app/models/OrderModel.php:46  @  http://localhost/webtoad/interierdecor/web/admin/orders/detail?id=29&do=addItemForm-submit
[2012-04-03 15-05-05] PHP Fatal error: Using $this when not in object context in /var/www/webtoad/interierdecor/app/models/OrderModel.php:46  @  http://localhost/webtoad/interierdecor/web/admin/orders/detail?id=29&do=addItemForm-submit
[2012-04-03 18-34-26] PHP Fatal error: Uncaught exception BadRequestException with message 'Item not found.' in /var/www/webtoad/interierdecor/app/presenters/BasePresenter.php:69  @  http://localhost/webtoad/interierdecor/web/admin/orders/detail?saleDiscount_id=11&id=21&do=removeDiscount
[2012-04-03 18-34-30] PHP Fatal error: Uncaught exception BadRequestException with message 'Item not found.' in /var/www/webtoad/interierdecor/app/presenters/BasePresenter.php:69  @  http://localhost/webtoad/interierdecor/web/admin/orders/detail?saleDiscount_id=11&id=21&do=removeDiscount
[2012-04-03 18-34-34] PHP Fatal error: Uncaught exception BadRequestException with message 'Item not found.' in /var/www/webtoad/interierdecor/app/presenters/BasePresenter.php:69  @  http://localhost/webtoad/interierdecor/web/admin/orders/detail?saleDiscount_id=11&id=21&do=removeDiscount
[2012-04-03 18-34-41] PHP Fatal error: Uncaught exception BadRequestException with message 'Item not found.' in /var/www/webtoad/interierdecor/app/presenters/BasePresenter.php:69  @  http://localhost/webtoad/interierdecor/web/admin/orders/detail?saleDiscount_id=11&id=21&do=removeDiscount
[2012-04-03 18-35-09] PHP Fatal error: Uncaught exception BadRequestException with message 'Item not found.' in /var/www/webtoad/interierdecor/app/presenters/BasePresenter.php:69  @  http://localhost/webtoad/interierdecor/web/admin/orders/detail?saleDiscount_id=11&id=21&do=removeDiscount
[2012-04-03 18-35-10] PHP Fatal error: Uncaught exception BadRequestException with message 'Item not found.' in /var/www/webtoad/interierdecor/app/presenters/BasePresenter.php:69  @  http://localhost/webtoad/interierdecor/web/admin/orders/detail?saleDiscount_id=11&id=21&do=removeDiscount
[2012-04-03 18-35-12] PHP Fatal error: Uncaught exception BadRequestException with message 'Item not found.' in /var/www/webtoad/interierdecor/app/presenters/BasePresenter.php:69  @  http://localhost/webtoad/interierdecor/web/admin/orders/detail?saleDiscount_id=11&id=21&do=removeDiscount
[2012-04-03 18-35-22] PHP Fatal error: Uncaught exception BadRequestException with message 'Item not found.' in /var/www/webtoad/interierdecor/app/presenters/BasePresenter.php:69  @  http://localhost/webtoad/interierdecor/web/admin/orders/detail?saleDiscount_id=11&id=21&do=removeDiscount
[2012-05-07 10-14-30] PHP Fatal error: syntax error, unexpected ')', expecting ']' in /var/www/webtoad/interierdecor/app/AdminModule/presenters/OrdersPresenter.php:60  @  http://localhost/webtoad/interierdecor/web/admin/orders/detail?product_id=1447&amount=2&id=25&do=changeAmount
[2012-05-07 10-14-33] PHP Fatal error: syntax error, unexpected ')', expecting ']' in /var/www/webtoad/interierdecor/app/AdminModule/presenters/OrdersPresenter.php:60  @  http://localhost/webtoad/interierdecor/web/admin/orders/detail?product_id=1447&amount=2&id=25&do=changeAmount
[2012-05-07 10-14-35] PHP Fatal error: syntax error, unexpected ')', expecting ']' in /var/www/webtoad/interierdecor/app/AdminModule/presenters/OrdersPresenter.php:60  @  http://localhost/webtoad/interierdecor/web/admin/orders/detail?product_id=1447&amount=2&id=25&do=changeAmount
[2012-05-07 10-14-38] PHP Fatal error: syntax error, unexpected ')', expecting ']' in /var/www/webtoad/interierdecor/app/AdminModule/presenters/OrdersPresenter.php:60  @  http://localhost/webtoad/interierdecor/web/admin/orders/detail?product_id=1447&amount=2&id=25&do=changeAmount
[2012-05-15 21-11-55] PHP Fatal error: Uncaught exception Exception with message 'Unknown image type or file '/var/www/webtoad/interierdecor/web/static/visualisation-images/224927.jpg' not found.' in /var/www/webtoad/interierdecor/libs/Nette/Nette/loader.php:4485  @  http://localhost/webtoad/interierdecor/web/vizualizace/?do=wall&productid=60&name=wall5
[2012-05-15 21-12-00] PHP Fatal error: Uncaught exception Exception with message 'Unknown image type or file '/var/www/webtoad/interierdecor/web/static/visualisation-images/224927.jpg' not found.' in /var/www/webtoad/interierdecor/libs/Nette/Nette/loader.php:4485  @  http://localhost/webtoad/interierdecor/web/vizualizace/?do=wall&productid=60&name=wall6
[2012-05-16 15-40-30] PHP Fatal error: Uncaught exception ImagickException with message 'unable to open file `/var/www/webtoad/interierdecor/web/static/temp/product-montage76.png' @ error/png.c/ReadPNGImage/3234' in /var/www/webtoad/interierdecor/app/FrontModule/presenters/BasePresenter.php:102  @  http://localhost/webtoad/interierdecor/web/vizualizace/default/73?do=wall&productid=76&name=wall2
